\BOOKMARK [1][-]{section.1}{Introduction}{}% 1
\BOOKMARK [1][-]{section.2}{Obtaining and installing the MNRAS package}{}% 2
\BOOKMARK [1][-]{section.3}{Preparing and submitting a paper}{}% 3
\BOOKMARK [1][-]{section.4}{Class options}{}% 4
\BOOKMARK [1][-]{section.5}{Title page}{}% 5
\BOOKMARK [2][-]{subsection.5.1}{Title}{section.5}% 6
\BOOKMARK [2][-]{subsection.5.2}{Authors and institutions}{section.5}% 7
\BOOKMARK [2][-]{subsection.5.3}{Abstract and keywords}{section.5}% 8
\BOOKMARK [1][-]{section.6}{Sections and lists}{}% 9
\BOOKMARK [2][-]{subsection.6.1}{Sections}{section.6}% 10
\BOOKMARK [2][-]{subsection.6.2}{Lists}{section.6}% 11
\BOOKMARK [1][-]{section.7}{Mathematics and symbols}{}% 12
\BOOKMARK [2][-]{subsection.7.1}{Equations}{section.7}% 13
\BOOKMARK [2][-]{subsection.7.2}{Special symbols}{section.7}% 14
\BOOKMARK [2][-]{subsection.7.3}{Ions}{section.7}% 15
\BOOKMARK [1][-]{section.8}{Figures and tables}{}% 16
\BOOKMARK [2][-]{subsection.8.1}{Basic examples}{section.8}% 17
\BOOKMARK [2][-]{subsection.8.2}{Captions and placement}{section.8}% 18
\BOOKMARK [1][-]{section.9}{References and citations}{}% 19
\BOOKMARK [2][-]{subsection.9.1}{Cross-referencing}{section.9}% 20
\BOOKMARK [2][-]{subsection.9.2}{Citations}{section.9}% 21
\BOOKMARK [2][-]{subsection.9.3}{The list of references}{section.9}% 22
\BOOKMARK [1][-]{section.10}{Appendices and online material}{}% 23
\BOOKMARK [1][-]{section.11}{Packages and custom commands}{}% 24
\BOOKMARK [2][-]{subsection.11.1}{Additional packages}{section.11}% 25
\BOOKMARK [2][-]{subsection.11.2}{Custom commands}{section.11}% 26
\BOOKMARK [1][-]{subsection.11.2}{Acknowledgements}{}% 27
\BOOKMARK [1][-]{section.A1}{Journal abbreviations}{}% 28
\BOOKMARK [1][-]{section.A2}{Advanced formatting examples}{}% 29
\BOOKMARK [1][-]{section.A3}{Additional commands for editors only}{}% 30
